# JRE version: OpenJDK Runtime Environment (21.0.8) (build 21.0.8+-14196175-b1038.72)
# Java VM: OpenJDK 64-Bit Server VM (21.0.8+-14196175-b1038.72, mixed mode, tiered, compressed oops, compressed class ptrs, g1 gc, windows-amd64)
GC Precious Log:
 CardTable entry size: 512
 Card Set container configuration: InlinePtr #cards 5 size 8 Array Of Cards #cards 12 size 40 Howl #buckets 4 coarsen threshold 1843 Howl Bitmap #cards 512 size 80 coarsen threshold 460 Card regions per heap region 1 cards per card region 2048
 CPUs: 16 total, 16 available
 Memory: 16004M
 Large Page Support: Disabled
 NUMA Support: Disabled
 Compressed Oops: Enabled (32-bit)
 Heap Region Size: 1M
 Heap Min Capacity: 8M
 Heap Initial Capacity: 252M
 Heap Max Capacity: 2G
 Pre-touch: Disabled
 Parallel Workers: 13
 Concurrent Workers: 3
 Concurrent Refinement Workers: 13
 Periodic GC: Disabled
Heap:
 garbage-first heap   total 137216K, used 115036K [0x0000000080000000, 0x0000000100000000)
  region size 1024K, 49 young (50176K), 6 survivors (6144K)
 Metaspace       used 87463K, committed 89216K, reserved 1179648K
  class space    used 12189K, committed 13056K, reserved 1048576K
GC Heap History (20 events):
Event: 27.375 GC heap before
{Heap before GC invocations=14 (full 0):
 garbage-first heap   total 71680K, used 63000K [0x0000000080000000, 0x0000000100000000)
  region size 1024K, 31 young (31744K), 3 survivors (3072K)
 Metaspace       used 50047K, committed 51008K, reserved 1114112K
  class space    used 6865K, committed 7296K, reserved 1048576K
}
Event: 27.377 GC heap after
{Heap after GC invocations=15 (full 0):
 garbage-first heap   total 71680K, used 35447K [0x0000000080000000, 0x0000000100000000)
  region size 1024K, 2 young (2048K), 2 survivors (2048K)
 Metaspace       used 50047K, committed 51008K, reserved 1114112K
  class space    used 6865K, committed 7296K, reserved 1048576K
}
Event: 28.104 GC heap before
{Heap before GC invocations=15 (full 0):
 garbage-first heap   total 71680K, used 63095K [0x0000000080000000, 0x0000000100000000)
  region size 1024K, 29 young (29696K), 2 survivors (2048K)
 Metaspace       used 53895K, committed 54848K, reserved 1114112K
  class space    used 7363K, committed 7808K, reserved 1048576K
}
Event: 28.108 GC heap after
{Heap after GC invocations=16 (full 0):
 garbage-first heap   total 106496K, used 38014K [0x0000000080000000, 0x0000000100000000)
  region size 1024K, 4 young (4096K), 4 survivors (4096K)
 Metaspace       used 53895K, committed 54848K, reserved 1114112K
  class space    used 7363K, committed 7808K, reserved 1048576K
}
Event: 29.174 GC heap before
{Heap before GC invocations=17 (full 0):
 garbage-first heap   total 106496K, used 94334K [0x0000000080000000, 0x0000000100000000)
  region size 1024K, 60 young (61440K), 4 survivors (4096K)
 Metaspace       used 60909K, committed 62336K, reserved 1114112K
  class space    used 8550K, committed 9216K, reserved 1048576K
}
Event: 29.178 GC heap after
{Heap after GC invocations=18 (full 0):
 garbage-first heap   total 106496K, used 40822K [0x0000000080000000, 0x0000000100000000)
  region size 1024K, 7 young (7168K), 7 survivors (7168K)
 Metaspace       used 60909K, committed 62336K, reserved 1114112K
  class space    used 8550K, committed 9216K, reserved 1048576K
}
Event: 29.624 GC heap before
{Heap before GC invocations=18 (full 0):
 garbage-first heap   total 106496K, used 90998K [0x0000000080000000, 0x0000000100000000)
  region size 1024K, 57 young (58368K), 7 survivors (7168K)
 Metaspace       used 62401K, committed 63808K, reserved 1114112K
  class space    used 8802K, committed 9472K, reserved 1048576K
}
Event: 29.632 GC heap after
{Heap after GC invocations=19 (full 0):
 garbage-first heap   total 113664K, used 53427K [0x0000000080000000, 0x0000000100000000)
  region size 1024K, 8 young (8192K), 8 survivors (8192K)
 Metaspace       used 62401K, committed 63808K, reserved 1114112K
  class space    used 8802K, committed 9472K, reserved 1048576K
}
Event: 30.093 GC heap before
{Heap before GC invocations=19 (full 0):
 garbage-first heap   total 113664K, used 94387K [0x0000000080000000, 0x0000000100000000)
  region size 1024K, 49 young (50176K), 8 survivors (8192K)
 Metaspace       used 63527K, committed 64960K, reserved 1114112K
  class space    used 8899K, committed 9600K, reserved 1048576K
}
Event: 30.099 GC heap after
{Heap after GC invocations=20 (full 0):
 garbage-first heap   total 113664K, used 60207K [0x0000000080000000, 0x0000000100000000)
  region size 1024K, 7 young (7168K), 7 survivors (7168K)
 Metaspace       used 63527K, committed 64960K, reserved 1114112K
  class space    used 8899K, committed 9600K, reserved 1048576K
}
Event: 30.609 GC heap before
{Heap before GC invocations=21 (full 0):
 garbage-first heap   total 113664K, used 98095K [0x0000000080000000, 0x0000000100000000)
  region size 1024K, 42 young (43008K), 7 survivors (7168K)
 Metaspace       used 64080K, committed 65536K, reserved 1114112K
  class space    used 8955K, committed 9664K, reserved 1048576K
}
Event: 30.619 GC heap after
{Heap after GC invocations=22 (full 0):
 garbage-first heap   total 113664K, used 64587K [0x0000000080000000, 0x0000000100000000)
  region size 1024K, 3 young (3072K), 3 survivors (3072K)
 Metaspace       used 64080K, committed 65536K, reserved 1114112K
  class space    used 8955K, committed 9664K, reserved 1048576K
}
Event: 30.986 GC heap before
{Heap before GC invocations=22 (full 0):
 garbage-first heap   total 113664K, used 99403K [0x0000000080000000, 0x0000000100000000)
  region size 1024K, 37 young (37888K), 3 survivors (3072K)
 Metaspace       used 64595K, committed 66112K, reserved 1114112K
  class space    used 8997K, committed 9728K, reserved 1048576K
}
Event: 30.989 GC heap after
{Heap after GC invocations=23 (full 0):
 garbage-first heap   total 137216K, used 67010K [0x0000000080000000, 0x0000000100000000)
  region size 1024K, 5 young (5120K), 5 survivors (5120K)
 Metaspace       used 64595K, committed 66112K, reserved 1114112K
  class space    used 8997K, committed 9728K, reserved 1048576K
}
Event: 31.406 GC heap before
{Heap before GC invocations=23 (full 0):
 garbage-first heap   total 137216K, used 122306K [0x0000000080000000, 0x0000000100000000)
  region size 1024K, 57 young (58368K), 5 survivors (5120K)
 Metaspace       used 66806K, committed 68288K, reserved 1114112K
  class space    used 9187K, committed 9920K, reserved 1048576K
}
Event: 31.409 GC heap after
{Heap after GC invocations=24 (full 0):
 garbage-first heap   total 137216K, used 67938K [0x0000000080000000, 0x0000000100000000)
  region size 1024K, 4 young (4096K), 4 survivors (4096K)
 Metaspace       used 66806K, committed 68288K, reserved 1114112K
  class space    used 9187K, committed 9920K, reserved 1048576K
}
Event: 34.860 GC heap before
{Heap before GC invocations=24 (full 0):
 garbage-first heap   total 137216K, used 122210K [0x0000000080000000, 0x0000000100000000)
  region size 1024K, 57 young (58368K), 4 survivors (4096K)
 Metaspace       used 74006K, committed 75584K, reserved 1114112K
  class space    used 10245K, committed 11008K, reserved 1048576K
}
Event: 34.865 GC heap after
{Heap after GC invocations=25 (full 0):
 garbage-first heap   total 137216K, used 70346K [0x0000000080000000, 0x0000000100000000)
  region size 1024K, 7 young (7168K), 7 survivors (7168K)
 Metaspace       used 74006K, committed 75584K, reserved 1114112K
  class space    used 10245K, committed 11008K, reserved 1048576K
}
Event: 35.885 GC heap before
{Heap before GC invocations=25 (full 0):
 garbage-first heap   total 137216K, used 120522K [0x0000000080000000, 0x0000000100000000)
  region size 1024K, 56 young (57344K), 7 survivors (7168K)
 Metaspace       used 79876K, committed 81600K, reserved 1179648K
  class space    used 11217K, committed 12032K, reserved 1048576K
}
Event: 35.892 GC heap after
{Heap after GC invocations=26 (full 0):
 garbage-first heap   total 137216K, used 73052K [0x0000000080000000, 0x0000000100000000)
  region size 1024K, 6 young (6144K), 6 survivors (6144K)
 Metaspace       used 79876K, committed 81600K, reserved 1179648K
  class space    used 11217K, committed 12032K, reserved 1048576K
}

