# JRE version: OpenJDK Runtime Environment (21.0.8) (build 21.0.8+-14196175-b1038.72)
# Java VM: OpenJDK 64-Bit Server VM (21.0.8+-14196175-b1038.72, mixed mode, tiered, compressed oops, compressed class ptrs, g1 gc, windows-amd64)
GC Precious Log:
 CardTable entry size: 512
 Card Set container configuration: InlinePtr #cards 5 size 8 Array Of Cards #cards 12 size 40 Howl #buckets 4 coarsen threshold 1843 Howl Bitmap #cards 512 size 80 coarsen threshold 460 Card regions per heap region 1 cards per card region 2048
 CPUs: 16 total, 16 available
 Memory: 16004M
 Large Page Support: Disabled
 NUMA Support: Disabled
 Compressed Oops: Enabled (32-bit)
 Heap Region Size: 1M
 Heap Min Capacity: 8M
 Heap Initial Capacity: 252M
 Heap Max Capacity: 2G
 Pre-touch: Disabled
 Parallel Workers: 13
 Concurrent Workers: 3
 Concurrent Refinement Workers: 13
 Periodic GC: Disabled
Heap:
 garbage-first heap   total 152576K, used 94804K [0x0000000080000000, 0x0000000100000000)
  region size 1024K, 3 young (3072K), 3 survivors (3072K)
 Metaspace       used 94513K, committed 96320K, reserved 1179648K
  class space    used 13365K, committed 14208K, reserved 1048576K
GC Heap History (20 events):
Event: 5.308 GC heap after
{Heap after GC invocations=20 (full 0):
 garbage-first heap   total 107520K, used 48934K [0x0000000080000000, 0x0000000100000000)
  region size 1024K, 4 young (4096K), 4 survivors (4096K)
 Metaspace       used 71917K, committed 73664K, reserved 1114112K
  class space    used 10186K, committed 11008K, reserved 1048576K
}
Event: 5.657 GC heap before
{Heap before GC invocations=21 (full 0):
 garbage-first heap   total 107520K, used 96038K [0x0000000080000000, 0x0000000100000000)
  region size 1024K, 51 young (52224K), 4 survivors (4096K)
 Metaspace       used 72821K, committed 74496K, reserved 1114112K
  class space    used 10221K, committed 11008K, reserved 1048576K
}
Event: 5.661 GC heap after
{Heap after GC invocations=22 (full 0):
 garbage-first heap   total 107520K, used 54321K [0x0000000080000000, 0x0000000100000000)
  region size 1024K, 7 young (7168K), 7 survivors (7168K)
 Metaspace       used 72821K, committed 74496K, reserved 1114112K
  class space    used 10221K, committed 11008K, reserved 1048576K
}
Event: 5.736 GC heap before
{Heap before GC invocations=22 (full 0):
 garbage-first heap   total 107520K, used 92209K [0x0000000080000000, 0x0000000100000000)
  region size 1024K, 45 young (46080K), 7 survivors (7168K)
 Metaspace       used 73023K, committed 74624K, reserved 1114112K
  class space    used 10221K, committed 11008K, reserved 1048576K
}
Event: 5.739 GC heap after
{Heap after GC invocations=23 (full 0):
 garbage-first heap   total 107520K, used 55286K [0x0000000080000000, 0x0000000100000000)
  region size 1024K, 4 young (4096K), 4 survivors (4096K)
 Metaspace       used 73023K, committed 74624K, reserved 1114112K
  class space    used 10221K, committed 11008K, reserved 1048576K
}
Event: 5.802 GC heap before
{Heap before GC invocations=23 (full 0):
 garbage-first heap   total 107520K, used 95222K [0x0000000080000000, 0x0000000100000000)
  region size 1024K, 44 young (45056K), 4 survivors (4096K)
 Metaspace       used 73039K, committed 74688K, reserved 1114112K
  class space    used 10221K, committed 11008K, reserved 1048576K
}
Event: 5.804 GC heap after
{Heap after GC invocations=24 (full 0):
 garbage-first heap   total 107520K, used 56727K [0x0000000080000000, 0x0000000100000000)
  region size 1024K, 4 young (4096K), 4 survivors (4096K)
 Metaspace       used 73039K, committed 74688K, reserved 1114112K
  class space    used 10221K, committed 11008K, reserved 1048576K
}
Event: 5.994 GC heap before
{Heap before GC invocations=25 (full 0):
 garbage-first heap   total 107520K, used 95639K [0x0000000080000000, 0x0000000100000000)
  region size 1024K, 43 young (44032K), 4 survivors (4096K)
 Metaspace       used 74362K, committed 76032K, reserved 1179648K
  class space    used 10407K, committed 11200K, reserved 1048576K
}
Event: 5.999 GC heap after
{Heap after GC invocations=26 (full 0):
 garbage-first heap   total 107520K, used 59469K [0x0000000080000000, 0x0000000100000000)
  region size 1024K, 5 young (5120K), 5 survivors (5120K)
 Metaspace       used 74362K, committed 76032K, reserved 1179648K
  class space    used 10407K, committed 11200K, reserved 1048576K
}
Event: 6.316 GC heap before
{Heap before GC invocations=26 (full 0):
 garbage-first heap   total 107520K, used 94285K [0x0000000080000000, 0x0000000100000000)
  region size 1024K, 40 young (40960K), 5 survivors (5120K)
 Metaspace       used 80887K, committed 82560K, reserved 1179648K
  class space    used 11693K, committed 12480K, reserved 1048576K
}
Event: 6.321 GC heap after
{Heap after GC invocations=27 (full 0):
 garbage-first heap   total 134144K, used 59580K [0x0000000080000000, 0x0000000100000000)
  region size 1024K, 2 young (2048K), 2 survivors (2048K)
 Metaspace       used 80887K, committed 82560K, reserved 1179648K
  class space    used 11693K, committed 12480K, reserved 1048576K
}
Event: 6.798 GC heap before
{Heap before GC invocations=27 (full 0):
 garbage-first heap   total 134144K, used 117948K [0x0000000080000000, 0x0000000100000000)
  region size 1024K, 60 young (61440K), 2 survivors (2048K)
 Metaspace       used 89813K, committed 91648K, reserved 1179648K
  class space    used 12824K, committed 13696K, reserved 1048576K
}
Event: 6.802 GC heap after
{Heap after GC invocations=28 (full 0):
 garbage-first heap   total 134144K, used 61381K [0x0000000080000000, 0x0000000100000000)
  region size 1024K, 3 young (3072K), 3 survivors (3072K)
 Metaspace       used 89813K, committed 91648K, reserved 1179648K
  class space    used 12824K, committed 13696K, reserved 1048576K
}
Event: 6.818 GC heap before
{Heap before GC invocations=28 (full 0):
 garbage-first heap   total 134144K, used 62405K [0x0000000080000000, 0x0000000100000000)
  region size 1024K, 5 young (5120K), 3 survivors (3072K)
 Metaspace       used 90087K, committed 91904K, reserved 1179648K
  class space    used 12856K, committed 13760K, reserved 1048576K
}
Event: 6.821 GC heap after
{Heap after GC invocations=29 (full 0):
 garbage-first heap   total 134144K, used 61393K [0x0000000080000000, 0x0000000100000000)
  region size 1024K, 3 young (3072K), 3 survivors (3072K)
 Metaspace       used 90087K, committed 91904K, reserved 1179648K
  class space    used 12856K, committed 13760K, reserved 1048576K
}
Event: 7.030 GC heap before
{Heap before GC invocations=30 (full 0):
 garbage-first heap   total 134144K, used 127953K [0x0000000080000000, 0x0000000100000000)
  region size 1024K, 56 young (57344K), 3 survivors (3072K)
 Metaspace       used 90498K, committed 92352K, reserved 1179648K
  class space    used 12869K, committed 13760K, reserved 1048576K
}
Event: 7.040 GC heap after
{Heap after GC invocations=31 (full 0):
 garbage-first heap   total 148480K, used 81686K [0x0000000080000000, 0x0000000100000000)
  region size 1024K, 7 young (7168K), 7 survivors (7168K)
 Metaspace       used 90498K, committed 92352K, reserved 1179648K
  class space    used 12869K, committed 13760K, reserved 1048576K
}
Event: 7.140 GC heap before
{Heap before GC invocations=31 (full 0):
 garbage-first heap   total 148480K, used 129814K [0x0000000080000000, 0x0000000100000000)
  region size 1024K, 49 young (50176K), 7 survivors (7168K)
 Metaspace       used 90500K, committed 92352K, reserved 1179648K
  class space    used 12869K, committed 13760K, reserved 1048576K
}
Event: 7.148 GC heap after
{Heap after GC invocations=32 (full 0):
 garbage-first heap   total 152576K, used 91694K [0x0000000080000000, 0x0000000100000000)
  region size 1024K, 7 young (7168K), 7 survivors (7168K)
 Metaspace       used 90500K, committed 92352K, reserved 1179648K
  class space    used 12869K, committed 13760K, reserved 1048576K
}
Event: 7.412 GC heap before
{Heap before GC invocations=32 (full 0):
 garbage-first heap   total 152576K, used 126510K [0x0000000080000000, 0x0000000100000000)
  region size 1024K, 42 young (43008K), 7 survivors (7168K)
 Metaspace       used 94513K, committed 96320K, reserved 1179648K
  class space    used 13365K, committed 14208K, reserved 1048576K
}

